<?xml version="1.0" encoding="UTF-8"?>
<!-- Generated by org.testng.reporters.JUnitReportReporter -->
<testsuite hostname="DESKTOP-S8N9NUL" failures="0" tests="2" name="TestRunner.TestNgRunner" time="2.578" errors="0" timestamp="2023-01-27T14:55:05 IST" skipped="0">
  <testcase classname="TestRunner.TestNgRunner" name="runScenario" time="1.718"/>
  <system-out/>
  <testcase classname="TestRunner.TestNgRunner" name="runScenario" time="0.860"/>
  <system-out/>
</testsuite> <!-- TestRunner.TestNgRunner -->
